<?xml version="1.0" encoding="UTF-8"?>
<testsuite name="Employee Project.SOAP Functional Test Suite" tests="1" failures="1" errors="0" time="0.268"><properties>
[...]
</properties><testcase name="Get Marks" time="0.268"><failure type="Cancelling due to failed test step" message="Cancelling due to failed test step"><![CDATA[<h3><b>Get Marks Failed</b></h3><pre>[SOAP Response] error: The document is not a Envelope@http://schemas.xmlsoap.org/soap/envelope/: document element mismatch got html
[SOAP Response] The document is not a Envelope@http://schemas.xmlsoap.org/soap/envelope/: document element mismatch got html
</pre><hr/>]]></failure></testcase></testsuite>